<?xml version="1.0" encoding="UTF-8"?>
<coverage generated="1762344903866" clover="3.2.0">
  <project timestamp="1762344903867" name="All files">
    <metrics statements="168" coveredstatements="138" conditionals="80" coveredconditionals="61" methods="19" coveredmethods="15" elements="267" coveredelements="214" complexity="0" loc="168" ncloc="168" packages="4" files="4" classes="4"/>
    <package name="middleware">
      <metrics statements="20" coveredstatements="20" conditionals="12" coveredconditionals="12" methods="2" coveredmethods="2"/>
      <file name="authMiddleware.js" path="/home/runner/work/COMP30022-IT-Project/COMP30022-IT-Project/backend/middleware/authMiddleware.js">
        <metrics statements="20" coveredstatements="20" conditionals="12" coveredconditionals="12" methods="2" coveredmethods="2"/>
        <line num="1" count="1" type="stmt"/>
        <line num="3" count="1" type="stmt"/>
        <line num="4" count="5" type="stmt"/>
        <line num="5" count="5" type="cond" truecount="2" falsecount="0"/>
        <line num="7" count="5" type="cond" truecount="2" falsecount="0"/>
        <line num="8" count="2" type="stmt"/>
        <line num="13" count="3" type="stmt"/>
        <line num="15" count="3" type="cond" truecount="2" falsecount="0"/>
        <line num="16" count="2" type="stmt"/>
        <line num="21" count="1" type="stmt"/>
        <line num="22" count="1" type="stmt"/>
        <line num="25" count="1" type="stmt"/>
        <line num="26" count="5" type="stmt"/>
        <line num="27" count="5" type="cond" truecount="2" falsecount="0"/>
        <line num="29" count="5" type="cond" truecount="2" falsecount="0"/>
        <line num="30" count="3" type="stmt"/>
        <line num="31" count="3" type="cond" truecount="2" falsecount="0"/>
        <line num="32" count="1" type="stmt"/>
        <line num="36" count="5" type="stmt"/>
        <line num="39" count="1" type="stmt"/>
      </file>
    </package>
    <package name="models">
      <metrics statements="24" coveredstatements="7" conditionals="10" coveredconditionals="0" methods="4" coveredmethods="0"/>
      <file name="User.js" path="/home/runner/work/COMP30022-IT-Project/COMP30022-IT-Project/backend/models/User.js">
        <metrics statements="24" coveredstatements="7" conditionals="10" coveredconditionals="0" methods="4" coveredmethods="0"/>
        <line num="1" count="1" type="stmt"/>
        <line num="3" count="1" type="stmt"/>
        <line num="81" count="1" type="stmt"/>
        <line num="82" count="0" type="cond" truecount="0" falsecount="2"/>
        <line num="86" count="1" type="stmt"/>
        <line num="88" count="0" type="cond" truecount="0" falsecount="4"/>
        <line num="89" count="0" type="stmt"/>
        <line num="96" count="0" type="stmt"/>
        <line num="99" count="0" type="stmt"/>
        <line num="100" count="0" type="stmt"/>
        <line num="102" count="0" type="cond" truecount="0" falsecount="4"/>
        <line num="103" count="0" type="stmt"/>
        <line num="106" count="0" type="stmt"/>
        <line num="110" count="1" type="stmt"/>
        <line num="111" count="0" type="stmt"/>
        <line num="118" count="1" type="stmt"/>
        <line num="119" count="0" type="stmt"/>
        <line num="120" count="0" type="stmt"/>
        <line num="121" count="0" type="stmt"/>
        <line num="122" count="0" type="stmt"/>
        <line num="123" count="0" type="stmt"/>
        <line num="124" count="0" type="stmt"/>
        <line num="125" count="0" type="stmt"/>
        <line num="128" count="1" type="stmt"/>
      </file>
    </package>
    <package name="routes">
      <metrics statements="110" coveredstatements="97" conditionals="54" coveredconditionals="46" methods="9" coveredmethods="9"/>
      <file name="auth.js" path="/home/runner/work/COMP30022-IT-Project/COMP30022-IT-Project/backend/routes/auth.js">
        <metrics statements="110" coveredstatements="97" conditionals="54" coveredconditionals="46" methods="9" coveredmethods="9"/>
        <line num="1" count="1" type="stmt"/>
        <line num="2" count="1" type="stmt"/>
        <line num="3" count="1" type="stmt"/>
        <line num="4" count="1" type="stmt"/>
        <line num="9" count="1" type="stmt"/>
        <line num="12" count="1" type="cond" truecount="1" falsecount="1"/>
        <line num="13" count="5" type="stmt"/>
        <line num="25" count="1" type="cond" truecount="1" falsecount="1"/>
        <line num="26" count="5" type="stmt"/>
        <line num="36" count="1" type="stmt"/>
        <line num="37" count="5" type="stmt"/>
        <line num="38" count="5" type="stmt"/>
        <line num="41" count="5" type="cond" truecount="5" falsecount="0"/>
        <line num="42" count="1" type="stmt"/>
        <line num="48" count="4" type="cond" truecount="2" falsecount="0"/>
        <line num="49" count="1" type="stmt"/>
        <line num="55" count="3" type="stmt"/>
        <line num="57" count="3" type="cond" truecount="2" falsecount="0"/>
        <line num="58" count="1" type="stmt"/>
        <line num="61" count="2" type="stmt"/>
        <line num="63" count="2" type="cond" truecount="2" falsecount="0"/>
        <line num="64" count="1" type="stmt"/>
        <line num="68" count="1" type="stmt"/>
        <line num="69" count="1" type="stmt"/>
        <line num="72" count="1" type="stmt"/>
        <line num="79" count="1" type="stmt"/>
        <line num="82" count="1" type="stmt"/>
        <line num="83" count="1" type="stmt"/>
        <line num="86" count="1" type="stmt"/>
        <line num="87" count="1" type="stmt"/>
        <line num="90" count="1" type="stmt"/>
        <line num="97" count="0" type="stmt"/>
        <line num="98" count="0" type="stmt"/>
        <line num="104" count="1" type="stmt"/>
        <line num="105" count="5" type="stmt"/>
        <line num="106" count="5" type="stmt"/>
        <line num="107" count="5" type="stmt"/>
        <line num="110" count="5" type="cond" truecount="4" falsecount="0"/>
        <line num="111" count="1" type="stmt"/>
        <line num="117" count="4" type="stmt"/>
        <line num="118" count="4" type="cond" truecount="2" falsecount="0"/>
        <line num="119" count="1" type="stmt"/>
        <line num="125" count="3" type="cond" truecount="2" falsecount="0"/>
        <line num="126" count="1" type="stmt"/>
        <line num="132" count="2" type="stmt"/>
        <line num="133" count="2" type="cond" truecount="2" falsecount="0"/>
        <line num="135" count="1" type="stmt"/>
        <line num="137" count="1" type="stmt"/>
        <line num="143" count="1" type="cond" truecount="1" falsecount="1"/>
        <line num="144" count="0" type="stmt"/>
        <line num="148" count="1" type="stmt"/>
        <line num="149" count="1" type="stmt"/>
        <line num="152" count="1" type="cond" truecount="1" falsecount="1"/>
        <line num="153" count="0" type="stmt"/>
        <line num="155" count="1" type="stmt"/>
        <line num="158" count="1" type="cond" truecount="1" falsecount="1"/>
        <line num="159" count="0" type="stmt"/>
        <line num="162" count="1" type="stmt"/>
        <line num="165" count="1" type="stmt"/>
        <line num="172" count="0" type="stmt"/>
        <line num="173" count="0" type="stmt"/>
        <line num="180" count="1" type="stmt"/>
        <line num="181" count="4" type="stmt"/>
        <line num="182" count="4" type="stmt"/>
        <line num="184" count="4" type="cond" truecount="2" falsecount="0"/>
        <line num="185" count="1" type="stmt"/>
        <line num="191" count="3" type="stmt"/>
        <line num="192" count="3" type="cond" truecount="2" falsecount="0"/>
        <line num="193" count="1" type="stmt"/>
        <line num="199" count="2" type="stmt"/>
        <line num="200" count="2" type="cond" truecount="5" falsecount="0"/>
        <line num="201" count="1" type="stmt"/>
        <line num="207" count="1" type="stmt"/>
        <line num="208" count="1" type="stmt"/>
        <line num="211" count="1" type="stmt"/>
        <line num="212" count="1" type="stmt"/>
        <line num="213" count="1" type="stmt"/>
        <line num="215" count="1" type="stmt"/>
        <line num="220" count="0" type="stmt"/>
        <line num="221" count="0" type="stmt"/>
        <line num="228" count="1" type="stmt"/>
        <line num="229" count="2" type="stmt"/>
        <line num="230" count="2" type="stmt"/>
        <line num="232" count="2" type="cond" truecount="2" falsecount="0"/>
        <line num="233" count="1" type="stmt"/>
        <line num="239" count="1" type="stmt"/>
        <line num="240" count="1" type="cond" truecount="1" falsecount="1"/>
        <line num="242" count="1" type="stmt"/>
        <line num="243" count="1" type="cond" truecount="3" falsecount="1"/>
        <line num="244" count="1" type="stmt"/>
        <line num="245" count="1" type="stmt"/>
        <line num="249" count="1" type="stmt"/>
        <line num="253" count="0" type="stmt"/>
        <line num="254" count="0" type="stmt"/>
        <line num="261" count="1" type="stmt"/>
        <line num="262" count="3" type="stmt"/>
        <line num="263" count="3" type="stmt"/>
        <line num="265" count="3" type="cond" truecount="2" falsecount="0"/>
        <line num="266" count="1" type="stmt"/>
        <line num="271" count="2" type="stmt"/>
        <line num="272" count="2" type="cond" truecount="2" falsecount="0"/>
        <line num="273" count="1" type="stmt"/>
        <line num="279" count="1" type="stmt"/>
        <line num="280" count="1" type="cond" truecount="1" falsecount="1"/>
        <line num="281" count="1" type="stmt"/>
        <line num="282" count="1" type="stmt"/>
        <line num="285" count="1" type="stmt"/>
        <line num="289" count="0" type="stmt"/>
        <line num="290" count="0" type="stmt"/>
        <line num="296" count="1" type="stmt"/>
      </file>
    </package>
    <package name="utils">
      <metrics statements="14" coveredstatements="14" conditionals="4" coveredconditionals="3" methods="4" coveredmethods="4"/>
      <file name="jwtUtils.js" path="/home/runner/work/COMP30022-IT-Project/COMP30022-IT-Project/backend/utils/jwtUtils.js">
        <metrics statements="14" coveredstatements="14" conditionals="4" coveredconditionals="3" methods="4" coveredmethods="4"/>
        <line num="1" count="3" type="stmt"/>
        <line num="3" count="3" type="stmt"/>
        <line num="4" count="13" type="stmt"/>
        <line num="11" count="3" type="stmt"/>
        <line num="12" count="12" type="stmt"/>
        <line num="19" count="3" type="stmt"/>
        <line num="20" count="10" type="stmt"/>
        <line num="21" count="10" type="stmt"/>
        <line num="23" count="7" type="stmt"/>
        <line num="27" count="3" type="stmt"/>
        <line num="28" count="11" type="stmt"/>
        <line num="29" count="11" type="stmt"/>
        <line num="31" count="6" type="stmt"/>
        <line num="35" count="3" type="stmt"/>
      </file>
    </package>
  </project>
</coverage>
