{"/home/runner/work/COMP30022-IT-Project/COMP30022-IT-Project/backend/middleware/authMiddleware.js": {"path":"/home/runner/work/COMP30022-IT-Project/COMP30022-IT-Project/backend/middleware/authMiddleware.js","statementMap":{"0":{"start":{"line":1,"column":30},"end":{"line":1,"column":58}},"1":{"start":{"line":3,"column":26},"end":{"line":23,"column":1}},"2":{"start":{"line":4,"column":21},"end":{"line":4,"column":49}},"3":{"start":{"line":5,"column":16},"end":{"line":5,"column":54}},"4":{"start":{"line":7,"column":2},"end":{"line":11,"column":3}},"5":{"start":{"line":8,"column":4},"end":{"line":10,"column":7}},"6":{"start":{"line":13,"column":18},"end":{"line":13,"column":42}},"7":{"start":{"line":15,"column":2},"end":{"line":19,"column":3}},"8":{"start":{"line":16,"column":4},"end":{"line":18,"column":7}},"9":{"start":{"line":21,"column":2},"end":{"line":21,"column":21}},"10":{"start":{"line":22,"column":2},"end":{"line":22,"column":9}},"11":{"start":{"line":25,"column":21},"end":{"line":37,"column":1}},"12":{"start":{"line":26,"column":21},"end":{"line":26,"column":49}},"13":{"start":{"line":27,"column":16},"end":{"line":27,"column":54}},"14":{"start":{"line":29,"column":2},"end":{"line":34,"column":3}},"15":{"start":{"line":30,"column":20},"end":{"line":30,"column":44}},"16":{"start":{"line":31,"column":4},"end":{"line":33,"column":5}},"17":{"start":{"line":32,"column":6},"end":{"line":32,"column":25}},"18":{"start":{"line":36,"column":2},"end":{"line":36,"column":9}},"19":{"start":{"line":39,"column":0},"end":{"line":42,"column":2}}},"fnMap":{"0":{"name":"(anonymous_0)","decl":{"start":{"line":3,"column":26},"end":{"line":3,"column":27}},"loc":{"start":{"line":3,"column":46},"end":{"line":23,"column":1}},"line":3},"1":{"name":"(anonymous_1)","decl":{"start":{"line":25,"column":21},"end":{"line":25,"column":22}},"loc":{"start":{"line":25,"column":41},"end":{"line":37,"column":1}},"line":25}},"branchMap":{"0":{"loc":{"start":{"line":5,"column":16},"end":{"line":5,"column":54}},"type":"binary-expr","locations":[{"start":{"line":5,"column":16},"end":{"line":5,"column":26}},{"start":{"line":5,"column":30},"end":{"line":5,"column":54}}],"line":5},"1":{"loc":{"start":{"line":7,"column":2},"end":{"line":11,"column":3}},"type":"if","locations":[{"start":{"line":7,"column":2},"end":{"line":11,"column":3}},{"start":{},"end":{}}],"line":7},"2":{"loc":{"start":{"line":15,"column":2},"end":{"line":19,"column":3}},"type":"if","locations":[{"start":{"line":15,"column":2},"end":{"line":19,"column":3}},{"start":{},"end":{}}],"line":15},"3":{"loc":{"start":{"line":27,"column":16},"end":{"line":27,"column":54}},"type":"binary-expr","locations":[{"start":{"line":27,"column":16},"end":{"line":27,"column":26}},{"start":{"line":27,"column":30},"end":{"line":27,"column":54}}],"line":27},"4":{"loc":{"start":{"line":29,"column":2},"end":{"line":34,"column":3}},"type":"if","locations":[{"start":{"line":29,"column":2},"end":{"line":34,"column":3}},{"start":{},"end":{}}],"line":29},"5":{"loc":{"start":{"line":31,"column":4},"end":{"line":33,"column":5}},"type":"if","locations":[{"start":{"line":31,"column":4},"end":{"line":33,"column":5}},{"start":{},"end":{}}],"line":31}},"s":{"0":1,"1":1,"2":5,"3":5,"4":5,"5":2,"6":3,"7":3,"8":2,"9":1,"10":1,"11":1,"12":5,"13":5,"14":5,"15":3,"16":3,"17":1,"18":5,"19":1},"f":{"0":5,"1":5},"b":{"0":[5,4],"1":[2,3],"2":[2,1],"3":[5,4],"4":[3,2],"5":[1,2]},"_coverageSchema":"1a1c01bbd47fc00a2c39e90264f33305004495a9","hash":"168bac0b980978663c792ec49e45f5e0b539efee"}
,"/home/runner/work/COMP30022-IT-Project/COMP30022-IT-Project/backend/models/User.js": {"path":"/home/runner/work/COMP30022-IT-Project/COMP30022-IT-Project/backend/models/User.js","statementMap":{"0":{"start":{"line":1,"column":17},"end":{"line":1,"column":36}},"1":{"start":{"line":3,"column":19},"end":{"line":78,"column":1}},"2":{"start":{"line":81,"column":0},"end":{"line":83,"column":2}},"3":{"start":{"line":82,"column":2},"end":{"line":82,"column":59}},"4":{"start":{"line":86,"column":0},"end":{"line":107,"column":2}},"5":{"start":{"line":88,"column":2},"end":{"line":93,"column":3}},"6":{"start":{"line":89,"column":4},"end":{"line":92,"column":7}},"7":{"start":{"line":96,"column":18},"end":{"line":96,"column":48}},"8":{"start":{"line":99,"column":22},"end":{"line":99,"column":23}},"9":{"start":{"line":100,"column":19},"end":{"line":100,"column":37}},"10":{"start":{"line":102,"column":2},"end":{"line":104,"column":3}},"11":{"start":{"line":103,"column":4},"end":{"line":103,"column":56}},"12":{"start":{"line":106,"column":2},"end":{"line":106,"column":33}},"13":{"start":{"line":110,"column":0},"end":{"line":115,"column":2}},"14":{"start":{"line":111,"column":2},"end":{"line":114,"column":5}},"15":{"start":{"line":118,"column":0},"end":{"line":126,"column":2}},"16":{"start":{"line":119,"column":14},"end":{"line":119,"column":29}},"17":{"start":{"line":120,"column":2},"end":{"line":120,"column":22}},"18":{"start":{"line":121,"column":2},"end":{"line":121,"column":31}},"19":{"start":{"line":122,"column":2},"end":{"line":122,"column":32}},"20":{"start":{"line":123,"column":2},"end":{"line":123,"column":27}},"21":{"start":{"line":124,"column":2},"end":{"line":124,"column":29}},"22":{"start":{"line":125,"column":2},"end":{"line":125,"column":13}},"23":{"start":{"line":128,"column":0},"end":{"line":128,"column":52}}},"fnMap":{"0":{"name":"(anonymous_0)","decl":{"start":{"line":81,"column":30},"end":{"line":81,"column":31}},"loc":{"start":{"line":81,"column":41},"end":{"line":83,"column":1}},"line":81},"1":{"name":"(anonymous_1)","decl":{"start":{"line":86,"column":38},"end":{"line":86,"column":39}},"loc":{"start":{"line":86,"column":49},"end":{"line":107,"column":1}},"line":86},"2":{"name":"(anonymous_2)","decl":{"start":{"line":110,"column":40},"end":{"line":110,"column":41}},"loc":{"start":{"line":110,"column":51},"end":{"line":115,"column":1}},"line":110},"3":{"name":"(anonymous_3)","decl":{"start":{"line":118,"column":28},"end":{"line":118,"column":29}},"loc":{"start":{"line":118,"column":39},"end":{"line":126,"column":1}},"line":118}},"branchMap":{"0":{"loc":{"start":{"line":82,"column":12},"end":{"line":82,"column":57}},"type":"binary-expr","locations":[{"start":{"line":82,"column":12},"end":{"line":82,"column":26}},{"start":{"line":82,"column":30},"end":{"line":82,"column":57}}],"line":82},"1":{"loc":{"start":{"line":88,"column":2},"end":{"line":93,"column":3}},"type":"if","locations":[{"start":{"line":88,"column":2},"end":{"line":93,"column":3}},{"start":{},"end":{}}],"line":88},"2":{"loc":{"start":{"line":88,"column":6},"end":{"line":88,"column":51}},"type":"binary-expr","locations":[{"start":{"line":88,"column":6},"end":{"line":88,"column":20}},{"start":{"line":88,"column":24},"end":{"line":88,"column":51}}],"line":88},"3":{"loc":{"start":{"line":102,"column":2},"end":{"line":104,"column":3}},"type":"if","locations":[{"start":{"line":102,"column":2},"end":{"line":104,"column":3}},{"start":{},"end":{}}],"line":102},"4":{"loc":{"start":{"line":102,"column":6},"end":{"line":102,"column":63}},"type":"binary-expr","locations":[{"start":{"line":102,"column":6},"end":{"line":102,"column":43}},{"start":{"line":102,"column":47},"end":{"line":102,"column":63}}],"line":102}},"s":{"0":1,"1":1,"2":1,"3":0,"4":1,"5":0,"6":0,"7":0,"8":0,"9":0,"10":0,"11":0,"12":0,"13":1,"14":0,"15":1,"16":0,"17":0,"18":0,"19":0,"20":0,"21":0,"22":0,"23":1},"f":{"0":0,"1":0,"2":0,"3":0},"b":{"0":[0,0],"1":[0,0],"2":[0,0],"3":[0,0],"4":[0,0]},"_coverageSchema":"1a1c01bbd47fc00a2c39e90264f33305004495a9","hash":"1f06eb26f15a2ab514070901afb902398afd454f"}
,"/home/runner/work/COMP30022-IT-Project/COMP30022-IT-Project/backend/routes/auth.js": {"path":"/home/runner/work/COMP30022-IT-Project/COMP30022-IT-Project/backend/routes/auth.js","statementMap":{"0":{"start":{"line":1,"column":15},"end":{"line":1,"column":42}},"1":{"start":{"line":2,"column":13},"end":{"line":2,"column":38}},"2":{"start":{"line":3,"column":15},"end":{"line":3,"column":32}},"3":{"start":{"line":4,"column":18},"end":{"line":4,"column":47}},"4":{"start":{"line":9,"column":4},"end":{"line":9,"column":32}},"5":{"start":{"line":12,"column":21},"end":{"line":20,"column":2}},"6":{"start":{"line":23,"column":24},"end":{"line":29,"column":2}},"7":{"start":{"line":32,"column":0},"end":{"line":98,"column":3}},"8":{"start":{"line":33,"column":2},"end":{"line":97,"column":3}},"9":{"start":{"line":34,"column":42},"end":{"line":34,"column":50}},"10":{"start":{"line":37,"column":4},"end":{"line":41,"column":5}},"11":{"start":{"line":38,"column":6},"end":{"line":40,"column":9}},"12":{"start":{"line":44,"column":4},"end":{"line":48,"column":5}},"13":{"start":{"line":45,"column":6},"end":{"line":47,"column":9}},"14":{"start":{"line":51,"column":25},"end":{"line":51,"column":57}},"15":{"start":{"line":53,"column":4},"end":{"line":55,"column":5}},"16":{"start":{"line":54,"column":6},"end":{"line":54,"column":119}},"17":{"start":{"line":57,"column":26},"end":{"line":57,"column":55}},"18":{"start":{"line":59,"column":4},"end":{"line":61,"column":5}},"19":{"start":{"line":60,"column":6},"end":{"line":60,"column":116}},"20":{"start":{"line":64,"column":17},"end":{"line":64,"column":41}},"21":{"start":{"line":65,"column":22},"end":{"line":65,"column":55}},"22":{"start":{"line":68,"column":20},"end":{"line":72,"column":6}},"23":{"start":{"line":75,"column":17},"end":{"line":75,"column":37}},"24":{"start":{"line":78,"column":24},"end":{"line":78,"column":65}},"25":{"start":{"line":79,"column":25},"end":{"line":79,"column":55}},"26":{"start":{"line":82,"column":4},"end":{"line":82,"column":40}},"27":{"start":{"line":83,"column":4},"end":{"line":83,"column":22}},"28":{"start":{"line":86,"column":4},"end":{"line":91,"column":7}},"29":{"start":{"line":93,"column":4},"end":{"line":93,"column":46}},"30":{"start":{"line":94,"column":4},"end":{"line":96,"column":7}},"31":{"start":{"line":100,"column":0},"end":{"line":173,"column":3}},"32":{"start":{"line":101,"column":2},"end":{"line":101,"column":44}},"33":{"start":{"line":102,"column":2},"end":{"line":172,"column":3}},"34":{"start":{"line":103,"column":32},"end":{"line":103,"column":40}},"35":{"start":{"line":106,"column":4},"end":{"line":110,"column":5}},"36":{"start":{"line":107,"column":6},"end":{"line":109,"column":9}},"37":{"start":{"line":113,"column":17},"end":{"line":113,"column":46}},"38":{"start":{"line":114,"column":4},"end":{"line":118,"column":5}},"39":{"start":{"line":115,"column":6},"end":{"line":117,"column":9}},"40":{"start":{"line":121,"column":4},"end":{"line":125,"column":5}},"41":{"start":{"line":122,"column":6},"end":{"line":124,"column":9}},"42":{"start":{"line":128,"column":26},"end":{"line":128,"column":71}},"43":{"start":{"line":129,"column":4},"end":{"line":136,"column":5}},"44":{"start":{"line":131,"column":6},"end":{"line":131,"column":36}},"45":{"start":{"line":133,"column":6},"end":{"line":135,"column":9}},"46":{"start":{"line":139,"column":4},"end":{"line":141,"column":5}},"47":{"start":{"line":140,"column":6},"end":{"line":140,"column":38}},"48":{"start":{"line":144,"column":24},"end":{"line":144,"column":65}},"49":{"start":{"line":145,"column":25},"end":{"line":145,"column":55}},"50":{"start":{"line":148,"column":4},"end":{"line":150,"column":5}},"51":{"start":{"line":149,"column":6},"end":{"line":149,"column":30}},"52":{"start":{"line":151,"column":4},"end":{"line":151,"column":42}},"53":{"start":{"line":154,"column":4},"end":{"line":156,"column":5}},"54":{"start":{"line":155,"column":6},"end":{"line":155,"column":56}},"55":{"start":{"line":158,"column":4},"end":{"line":158,"column":22}},"56":{"start":{"line":161,"column":4},"end":{"line":166,"column":7}},"57":{"start":{"line":168,"column":4},"end":{"line":168,"column":39}},"58":{"start":{"line":169,"column":4},"end":{"line":171,"column":7}},"59":{"start":{"line":176,"column":0},"end":{"line":221,"column":3}},"60":{"start":{"line":177,"column":2},"end":{"line":220,"column":3}},"61":{"start":{"line":178,"column":29},"end":{"line":178,"column":37}},"62":{"start":{"line":180,"column":4},"end":{"line":184,"column":5}},"63":{"start":{"line":181,"column":6},"end":{"line":183,"column":9}},"64":{"start":{"line":187,"column":20},"end":{"line":187,"column":52}},"65":{"start":{"line":188,"column":4},"end":{"line":192,"column":5}},"66":{"start":{"line":189,"column":6},"end":{"line":191,"column":9}},"67":{"start":{"line":195,"column":17},"end":{"line":195,"column":52}},"68":{"start":{"line":196,"column":4},"end":{"line":200,"column":5}},"69":{"start":{"line":197,"column":6},"end":{"line":199,"column":9}},"70":{"start":{"line":203,"column":27},"end":{"line":203,"column":68}},"71":{"start":{"line":204,"column":28},"end":{"line":204,"column":58}},"72":{"start":{"line":207,"column":4},"end":{"line":207,"column":84}},"73":{"start":{"line":207,"column":60},"end":{"line":207,"column":82}},"74":{"start":{"line":208,"column":4},"end":{"line":208,"column":45}},"75":{"start":{"line":209,"column":4},"end":{"line":209,"column":22}},"76":{"start":{"line":211,"column":4},"end":{"line":214,"column":7}},"77":{"start":{"line":216,"column":4},"end":{"line":216,"column":47}},"78":{"start":{"line":217,"column":4},"end":{"line":219,"column":7}},"79":{"start":{"line":224,"column":0},"end":{"line":254,"column":3}},"80":{"start":{"line":225,"column":2},"end":{"line":253,"column":3}},"81":{"start":{"line":226,"column":29},"end":{"line":226,"column":37}},"82":{"start":{"line":228,"column":4},"end":{"line":232,"column":5}},"83":{"start":{"line":229,"column":6},"end":{"line":231,"column":9}},"84":{"start":{"line":235,"column":20},"end":{"line":235,"column":52}},"85":{"start":{"line":236,"column":4},"end":{"line":243,"column":5}},"86":{"start":{"line":238,"column":19},"end":{"line":238,"column":54}},"87":{"start":{"line":239,"column":6},"end":{"line":242,"column":7}},"88":{"start":{"line":240,"column":8},"end":{"line":240,"column":88}},"89":{"start":{"line":240,"column":64},"end":{"line":240,"column":86}},"90":{"start":{"line":241,"column":8},"end":{"line":241,"column":26}},"91":{"start":{"line":245,"column":4},"end":{"line":247,"column":7}},"92":{"start":{"line":249,"column":4},"end":{"line":249,"column":40}},"93":{"start":{"line":250,"column":4},"end":{"line":252,"column":7}},"94":{"start":{"line":257,"column":0},"end":{"line":290,"column":3}},"95":{"start":{"line":258,"column":2},"end":{"line":289,"column":3}},"96":{"start":{"line":259,"column":29},"end":{"line":259,"column":37}},"97":{"start":{"line":261,"column":4},"end":{"line":265,"column":5}},"98":{"start":{"line":262,"column":6},"end":{"line":264,"column":9}},"99":{"start":{"line":267,"column":20},"end":{"line":267,"column":52}},"100":{"start":{"line":268,"column":4},"end":{"line":272,"column":5}},"101":{"start":{"line":269,"column":6},"end":{"line":271,"column":9}},"102":{"start":{"line":275,"column":17},"end":{"line":275,"column":52}},"103":{"start":{"line":276,"column":4},"end":{"line":279,"column":5}},"104":{"start":{"line":277,"column":6},"end":{"line":277,"column":30}},"105":{"start":{"line":278,"column":6},"end":{"line":278,"column":24}},"106":{"start":{"line":281,"column":4},"end":{"line":283,"column":7}},"107":{"start":{"line":285,"column":4},"end":{"line":285,"column":44}},"108":{"start":{"line":286,"column":4},"end":{"line":288,"column":7}},"109":{"start":{"line":292,"column":0},"end":{"line":292,"column":24}}},"fnMap":{"0":{"name":"(anonymous_0)","decl":{"start":{"line":32,"column":42},"end":{"line":32,"column":43}},"loc":{"start":{"line":32,"column":62},"end":{"line":98,"column":1}},"line":32},"1":{"name":"(anonymous_1)","decl":{"start":{"line":100,"column":36},"end":{"line":100,"column":37}},"loc":{"start":{"line":100,"column":56},"end":{"line":173,"column":1}},"line":100},"2":{"name":"(anonymous_2)","decl":{"start":{"line":176,"column":24},"end":{"line":176,"column":25}},"loc":{"start":{"line":176,"column":44},"end":{"line":221,"column":1}},"line":176},"3":{"name":"(anonymous_3)","decl":{"start":{"line":207,"column":51},"end":{"line":207,"column":52}},"loc":{"start":{"line":207,"column":60},"end":{"line":207,"column":82}},"line":207},"4":{"name":"(anonymous_4)","decl":{"start":{"line":224,"column":23},"end":{"line":224,"column":24}},"loc":{"start":{"line":224,"column":43},"end":{"line":254,"column":1}},"line":224},"5":{"name":"(anonymous_5)","decl":{"start":{"line":240,"column":55},"end":{"line":240,"column":56}},"loc":{"start":{"line":240,"column":64},"end":{"line":240,"column":86}},"line":240},"6":{"name":"(anonymous_6)","decl":{"start":{"line":257,"column":27},"end":{"line":257,"column":28}},"loc":{"start":{"line":257,"column":47},"end":{"line":290,"column":1}},"line":257}},"branchMap":{"0":{"loc":{"start":{"line":37,"column":4},"end":{"line":41,"column":5}},"type":"if","locations":[{"start":{"line":37,"column":4},"end":{"line":41,"column":5}},{"start":{},"end":{}}],"line":37},"1":{"loc":{"start":{"line":37,"column":8},"end":{"line":37,"column":40}},"type":"binary-expr","locations":[{"start":{"line":37,"column":8},"end":{"line":37,"column":17}},{"start":{"line":37,"column":21},"end":{"line":37,"column":27}},{"start":{"line":37,"column":31},"end":{"line":37,"column":40}}],"line":37},"2":{"loc":{"start":{"line":44,"column":4},"end":{"line":48,"column":5}},"type":"if","locations":[{"start":{"line":44,"column":4},"end":{"line":48,"column":5}},{"start":{},"end":{}}],"line":44},"3":{"loc":{"start":{"line":53,"column":4},"end":{"line":55,"column":5}},"type":"if","locations":[{"start":{"line":53,"column":4},"end":{"line":55,"column":5}},{"start":{},"end":{}}],"line":53},"4":{"loc":{"start":{"line":59,"column":4},"end":{"line":61,"column":5}},"type":"if","locations":[{"start":{"line":59,"column":4},"end":{"line":61,"column":5}},{"start":{},"end":{}}],"line":59},"5":{"loc":{"start":{"line":106,"column":4},"end":{"line":110,"column":5}},"type":"if","locations":[{"start":{"line":106,"column":4},"end":{"line":110,"column":5}},{"start":{},"end":{}}],"line":106},"6":{"loc":{"start":{"line":106,"column":8},"end":{"line":106,"column":27}},"type":"binary-expr","locations":[{"start":{"line":106,"column":8},"end":{"line":106,"column":14}},{"start":{"line":106,"column":18},"end":{"line":106,"column":27}}],"line":106},"7":{"loc":{"start":{"line":114,"column":4},"end":{"line":118,"column":5}},"type":"if","locations":[{"start":{"line":114,"column":4},"end":{"line":118,"column":5}},{"start":{},"end":{}}],"line":114},"8":{"loc":{"start":{"line":121,"column":4},"end":{"line":125,"column":5}},"type":"if","locations":[{"start":{"line":121,"column":4},"end":{"line":125,"column":5}},{"start":{},"end":{}}],"line":121},"9":{"loc":{"start":{"line":129,"column":4},"end":{"line":136,"column":5}},"type":"if","locations":[{"start":{"line":129,"column":4},"end":{"line":136,"column":5}},{"start":{},"end":{}}],"line":129},"10":{"loc":{"start":{"line":139,"column":4},"end":{"line":141,"column":5}},"type":"if","locations":[{"start":{"line":139,"column":4},"end":{"line":141,"column":5}},{"start":{},"end":{}}],"line":139},"11":{"loc":{"start":{"line":148,"column":4},"end":{"line":150,"column":5}},"type":"if","locations":[{"start":{"line":148,"column":4},"end":{"line":150,"column":5}},{"start":{},"end":{}}],"line":148},"12":{"loc":{"start":{"line":154,"column":4},"end":{"line":156,"column":5}},"type":"if","locations":[{"start":{"line":154,"column":4},"end":{"line":156,"column":5}},{"start":{},"end":{}}],"line":154},"13":{"loc":{"start":{"line":180,"column":4},"end":{"line":184,"column":5}},"type":"if","locations":[{"start":{"line":180,"column":4},"end":{"line":184,"column":5}},{"start":{},"end":{}}],"line":180},"14":{"loc":{"start":{"line":188,"column":4},"end":{"line":192,"column":5}},"type":"if","locations":[{"start":{"line":188,"column":4},"end":{"line":192,"column":5}},{"start":{},"end":{}}],"line":188},"15":{"loc":{"start":{"line":196,"column":4},"end":{"line":200,"column":5}},"type":"if","locations":[{"start":{"line":196,"column":4},"end":{"line":200,"column":5}},{"start":{},"end":{}}],"line":196},"16":{"loc":{"start":{"line":196,"column":8},"end":{"line":196,"column":82}},"type":"binary-expr","locations":[{"start":{"line":196,"column":8},"end":{"line":196,"column":13}},{"start":{"line":196,"column":17},"end":{"line":196,"column":36}},{"start":{"line":196,"column":40},"end":{"line":196,"column":82}}],"line":196},"17":{"loc":{"start":{"line":228,"column":4},"end":{"line":232,"column":5}},"type":"if","locations":[{"start":{"line":228,"column":4},"end":{"line":232,"column":5}},{"start":{},"end":{}}],"line":228},"18":{"loc":{"start":{"line":236,"column":4},"end":{"line":243,"column":5}},"type":"if","locations":[{"start":{"line":236,"column":4},"end":{"line":243,"column":5}},{"start":{},"end":{}}],"line":236},"19":{"loc":{"start":{"line":239,"column":6},"end":{"line":242,"column":7}},"type":"if","locations":[{"start":{"line":239,"column":6},"end":{"line":242,"column":7}},{"start":{},"end":{}}],"line":239},"20":{"loc":{"start":{"line":239,"column":10},"end":{"line":239,"column":36}},"type":"binary-expr","locations":[{"start":{"line":239,"column":10},"end":{"line":239,"column":14}},{"start":{"line":239,"column":18},"end":{"line":239,"column":36}}],"line":239},"21":{"loc":{"start":{"line":261,"column":4},"end":{"line":265,"column":5}},"type":"if","locations":[{"start":{"line":261,"column":4},"end":{"line":265,"column":5}},{"start":{},"end":{}}],"line":261},"22":{"loc":{"start":{"line":268,"column":4},"end":{"line":272,"column":5}},"type":"if","locations":[{"start":{"line":268,"column":4},"end":{"line":272,"column":5}},{"start":{},"end":{}}],"line":268},"23":{"loc":{"start":{"line":276,"column":4},"end":{"line":279,"column":5}},"type":"if","locations":[{"start":{"line":276,"column":4},"end":{"line":279,"column":5}},{"start":{},"end":{}}],"line":276}},"s":{"0":1,"1":1,"2":1,"3":1,"4":1,"5":1,"6":1,"7":1,"8":3,"9":3,"10":3,"11":1,"12":2,"13":1,"14":1,"15":1,"16":0,"17":1,"18":1,"19":0,"20":1,"21":1,"22":1,"23":1,"24":1,"25":1,"26":1,"27":1,"28":0,"29":1,"30":1,"31":1,"32":5,"33":5,"34":5,"35":5,"36":1,"37":4,"38":4,"39":1,"40":3,"41":1,"42":0,"43":0,"44":0,"45":0,"46":0,"47":0,"48":0,"49":0,"50":0,"51":0,"52":0,"53":0,"54":0,"55":0,"56":0,"57":2,"58":2,"59":1,"60":4,"61":4,"62":4,"63":1,"64":3,"65":3,"66":1,"67":2,"68":2,"69":1,"70":1,"71":1,"72":1,"73":1,"74":1,"75":1,"76":1,"77":0,"78":0,"79":1,"80":2,"81":2,"82":2,"83":1,"84":1,"85":1,"86":1,"87":1,"88":1,"89":1,"90":1,"91":1,"92":0,"93":0,"94":1,"95":3,"96":3,"97":3,"98":1,"99":2,"100":2,"101":1,"102":1,"103":1,"104":1,"105":1,"106":1,"107":0,"108":0,"109":1},"f":{"0":3,"1":5,"2":4,"3":1,"4":2,"5":1,"6":3},"b":{"0":[1,2],"1":[3,3,2],"2":[1,1],"3":[0,1],"4":[0,1],"5":[1,4],"6":[5,5],"7":[1,3],"8":[1,0],"9":[0,0],"10":[0,0],"11":[0,0],"12":[0,0],"13":[1,3],"14":[1,2],"15":[1,1],"16":[2,2,2],"17":[1,1],"18":[1,0],"19":[1,0],"20":[1,1],"21":[1,2],"22":[1,1],"23":[1,0]},"_coverageSchema":"1a1c01bbd47fc00a2c39e90264f33305004495a9","hash":"61882a73acb91417e15fa015116a66ab16996b95"}
,"/home/runner/work/COMP30022-IT-Project/COMP30022-IT-Project/backend/utils/jwtUtils.js": {"path":"/home/runner/work/COMP30022-IT-Project/COMP30022-IT-Project/backend/utils/jwtUtils.js","statementMap":{"0":{"start":{"line":1,"column":12},"end":{"line":1,"column":35}},"1":{"start":{"line":3,"column":28},"end":{"line":9,"column":1}},"2":{"start":{"line":4,"column":2},"end":{"line":8,"column":4}},"3":{"start":{"line":11,"column":29},"end":{"line":17,"column":1}},"4":{"start":{"line":12,"column":2},"end":{"line":16,"column":4}},"5":{"start":{"line":19,"column":26},"end":{"line":25,"column":1}},"6":{"start":{"line":20,"column":2},"end":{"line":24,"column":3}},"7":{"start":{"line":21,"column":4},"end":{"line":21,"column":53}},"8":{"start":{"line":23,"column":4},"end":{"line":23,"column":16}},"9":{"start":{"line":27,"column":27},"end":{"line":33,"column":1}},"10":{"start":{"line":28,"column":2},"end":{"line":32,"column":3}},"11":{"start":{"line":29,"column":4},"end":{"line":29,"column":63}},"12":{"start":{"line":31,"column":4},"end":{"line":31,"column":16}},"13":{"start":{"line":35,"column":0},"end":{"line":40,"column":2}}},"fnMap":{"0":{"name":"(anonymous_0)","decl":{"start":{"line":3,"column":28},"end":{"line":3,"column":29}},"loc":{"start":{"line":3,"column":47},"end":{"line":9,"column":1}},"line":3},"1":{"name":"(anonymous_1)","decl":{"start":{"line":11,"column":29},"end":{"line":11,"column":30}},"loc":{"start":{"line":11,"column":41},"end":{"line":17,"column":1}},"line":11},"2":{"name":"(anonymous_2)","decl":{"start":{"line":19,"column":26},"end":{"line":19,"column":27}},"loc":{"start":{"line":19,"column":37},"end":{"line":25,"column":1}},"line":19},"3":{"name":"(anonymous_3)","decl":{"start":{"line":27,"column":27},"end":{"line":27,"column":28}},"loc":{"start":{"line":27,"column":38},"end":{"line":33,"column":1}},"line":27}},"branchMap":{"0":{"loc":{"start":{"line":7,"column":17},"end":{"line":7,"column":48}},"type":"binary-expr","locations":[{"start":{"line":7,"column":17},"end":{"line":7,"column":39}},{"start":{"line":7,"column":43},"end":{"line":7,"column":48}}],"line":7},"1":{"loc":{"start":{"line":15,"column":17},"end":{"line":15,"column":57}},"type":"binary-expr","locations":[{"start":{"line":15,"column":17},"end":{"line":15,"column":49}},{"start":{"line":15,"column":53},"end":{"line":15,"column":57}}],"line":15}},"s":{"0":3,"1":3,"2":12,"3":3,"4":11,"5":3,"6":10,"7":10,"8":7,"9":3,"10":11,"11":11,"12":6,"13":3},"f":{"0":12,"1":11,"2":10,"3":11},"b":{"0":[12,2],"1":[11,0]},"_coverageSchema":"1a1c01bbd47fc00a2c39e90264f33305004495a9","hash":"5ec2d5879fb12bce1d38df090cac371927b4e03f"}
}
