{"/home/runner/work/COMP30022-IT-Project/COMP30022-IT-Project/backend/middleware/authMiddleware.js": {"path":"/home/runner/work/COMP30022-IT-Project/COMP30022-IT-Project/backend/middleware/authMiddleware.js","statementMap":{"0":{"start":{"line":1,"column":30},"end":{"line":1,"column":58}},"1":{"start":{"line":3,"column":26},"end":{"line":23,"column":1}},"2":{"start":{"line":4,"column":21},"end":{"line":4,"column":49}},"3":{"start":{"line":5,"column":16},"end":{"line":5,"column":54}},"4":{"start":{"line":7,"column":2},"end":{"line":11,"column":3}},"5":{"start":{"line":8,"column":4},"end":{"line":10,"column":7}},"6":{"start":{"line":13,"column":18},"end":{"line":13,"column":42}},"7":{"start":{"line":15,"column":2},"end":{"line":19,"column":3}},"8":{"start":{"line":16,"column":4},"end":{"line":18,"column":7}},"9":{"start":{"line":21,"column":2},"end":{"line":21,"column":21}},"10":{"start":{"line":22,"column":2},"end":{"line":22,"column":9}},"11":{"start":{"line":25,"column":21},"end":{"line":37,"column":1}},"12":{"start":{"line":26,"column":21},"end":{"line":26,"column":49}},"13":{"start":{"line":27,"column":16},"end":{"line":27,"column":54}},"14":{"start":{"line":29,"column":2},"end":{"line":34,"column":3}},"15":{"start":{"line":30,"column":20},"end":{"line":30,"column":44}},"16":{"start":{"line":31,"column":4},"end":{"line":33,"column":5}},"17":{"start":{"line":32,"column":6},"end":{"line":32,"column":25}},"18":{"start":{"line":36,"column":2},"end":{"line":36,"column":9}},"19":{"start":{"line":39,"column":0},"end":{"line":42,"column":2}}},"fnMap":{"0":{"name":"(anonymous_0)","decl":{"start":{"line":3,"column":26},"end":{"line":3,"column":27}},"loc":{"start":{"line":3,"column":46},"end":{"line":23,"column":1}},"line":3},"1":{"name":"(anonymous_1)","decl":{"start":{"line":25,"column":21},"end":{"line":25,"column":22}},"loc":{"start":{"line":25,"column":41},"end":{"line":37,"column":1}},"line":25}},"branchMap":{"0":{"loc":{"start":{"line":5,"column":16},"end":{"line":5,"column":54}},"type":"binary-expr","locations":[{"start":{"line":5,"column":16},"end":{"line":5,"column":26}},{"start":{"line":5,"column":30},"end":{"line":5,"column":54}}],"line":5},"1":{"loc":{"start":{"line":7,"column":2},"end":{"line":11,"column":3}},"type":"if","locations":[{"start":{"line":7,"column":2},"end":{"line":11,"column":3}},{"start":{},"end":{}}],"line":7},"2":{"loc":{"start":{"line":15,"column":2},"end":{"line":19,"column":3}},"type":"if","locations":[{"start":{"line":15,"column":2},"end":{"line":19,"column":3}},{"start":{},"end":{}}],"line":15},"3":{"loc":{"start":{"line":27,"column":16},"end":{"line":27,"column":54}},"type":"binary-expr","locations":[{"start":{"line":27,"column":16},"end":{"line":27,"column":26}},{"start":{"line":27,"column":30},"end":{"line":27,"column":54}}],"line":27},"4":{"loc":{"start":{"line":29,"column":2},"end":{"line":34,"column":3}},"type":"if","locations":[{"start":{"line":29,"column":2},"end":{"line":34,"column":3}},{"start":{},"end":{}}],"line":29},"5":{"loc":{"start":{"line":31,"column":4},"end":{"line":33,"column":5}},"type":"if","locations":[{"start":{"line":31,"column":4},"end":{"line":33,"column":5}},{"start":{},"end":{}}],"line":31}},"s":{"0":1,"1":1,"2":5,"3":5,"4":5,"5":2,"6":3,"7":3,"8":2,"9":1,"10":1,"11":1,"12":5,"13":5,"14":5,"15":3,"16":3,"17":1,"18":5,"19":1},"f":{"0":5,"1":5},"b":{"0":[5,4],"1":[2,3],"2":[2,1],"3":[5,4],"4":[3,2],"5":[1,2]},"_coverageSchema":"1a1c01bbd47fc00a2c39e90264f33305004495a9","hash":"168bac0b980978663c792ec49e45f5e0b539efee"}
,"/home/runner/work/COMP30022-IT-Project/COMP30022-IT-Project/backend/models/User.js": {"path":"/home/runner/work/COMP30022-IT-Project/COMP30022-IT-Project/backend/models/User.js","statementMap":{"0":{"start":{"line":1,"column":17},"end":{"line":1,"column":36}},"1":{"start":{"line":3,"column":19},"end":{"line":78,"column":1}},"2":{"start":{"line":81,"column":0},"end":{"line":83,"column":2}},"3":{"start":{"line":82,"column":2},"end":{"line":82,"column":59}},"4":{"start":{"line":86,"column":0},"end":{"line":107,"column":2}},"5":{"start":{"line":88,"column":2},"end":{"line":93,"column":3}},"6":{"start":{"line":89,"column":4},"end":{"line":92,"column":7}},"7":{"start":{"line":96,"column":18},"end":{"line":96,"column":48}},"8":{"start":{"line":99,"column":22},"end":{"line":99,"column":23}},"9":{"start":{"line":100,"column":19},"end":{"line":100,"column":37}},"10":{"start":{"line":102,"column":2},"end":{"line":104,"column":3}},"11":{"start":{"line":103,"column":4},"end":{"line":103,"column":56}},"12":{"start":{"line":106,"column":2},"end":{"line":106,"column":33}},"13":{"start":{"line":110,"column":0},"end":{"line":115,"column":2}},"14":{"start":{"line":111,"column":2},"end":{"line":114,"column":5}},"15":{"start":{"line":118,"column":0},"end":{"line":126,"column":2}},"16":{"start":{"line":119,"column":14},"end":{"line":119,"column":29}},"17":{"start":{"line":120,"column":2},"end":{"line":120,"column":22}},"18":{"start":{"line":121,"column":2},"end":{"line":121,"column":31}},"19":{"start":{"line":122,"column":2},"end":{"line":122,"column":32}},"20":{"start":{"line":123,"column":2},"end":{"line":123,"column":27}},"21":{"start":{"line":124,"column":2},"end":{"line":124,"column":29}},"22":{"start":{"line":125,"column":2},"end":{"line":125,"column":13}},"23":{"start":{"line":128,"column":0},"end":{"line":128,"column":52}}},"fnMap":{"0":{"name":"(anonymous_0)","decl":{"start":{"line":81,"column":30},"end":{"line":81,"column":31}},"loc":{"start":{"line":81,"column":41},"end":{"line":83,"column":1}},"line":81},"1":{"name":"(anonymous_1)","decl":{"start":{"line":86,"column":38},"end":{"line":86,"column":39}},"loc":{"start":{"line":86,"column":49},"end":{"line":107,"column":1}},"line":86},"2":{"name":"(anonymous_2)","decl":{"start":{"line":110,"column":40},"end":{"line":110,"column":41}},"loc":{"start":{"line":110,"column":51},"end":{"line":115,"column":1}},"line":110},"3":{"name":"(anonymous_3)","decl":{"start":{"line":118,"column":28},"end":{"line":118,"column":29}},"loc":{"start":{"line":118,"column":39},"end":{"line":126,"column":1}},"line":118}},"branchMap":{"0":{"loc":{"start":{"line":82,"column":12},"end":{"line":82,"column":57}},"type":"binary-expr","locations":[{"start":{"line":82,"column":12},"end":{"line":82,"column":26}},{"start":{"line":82,"column":30},"end":{"line":82,"column":57}}],"line":82},"1":{"loc":{"start":{"line":88,"column":2},"end":{"line":93,"column":3}},"type":"if","locations":[{"start":{"line":88,"column":2},"end":{"line":93,"column":3}},{"start":{},"end":{}}],"line":88},"2":{"loc":{"start":{"line":88,"column":6},"end":{"line":88,"column":51}},"type":"binary-expr","locations":[{"start":{"line":88,"column":6},"end":{"line":88,"column":20}},{"start":{"line":88,"column":24},"end":{"line":88,"column":51}}],"line":88},"3":{"loc":{"start":{"line":102,"column":2},"end":{"line":104,"column":3}},"type":"if","locations":[{"start":{"line":102,"column":2},"end":{"line":104,"column":3}},{"start":{},"end":{}}],"line":102},"4":{"loc":{"start":{"line":102,"column":6},"end":{"line":102,"column":63}},"type":"binary-expr","locations":[{"start":{"line":102,"column":6},"end":{"line":102,"column":43}},{"start":{"line":102,"column":47},"end":{"line":102,"column":63}}],"line":102}},"s":{"0":1,"1":1,"2":1,"3":0,"4":1,"5":0,"6":0,"7":0,"8":0,"9":0,"10":0,"11":0,"12":0,"13":1,"14":0,"15":1,"16":0,"17":0,"18":0,"19":0,"20":0,"21":0,"22":0,"23":1},"f":{"0":0,"1":0,"2":0,"3":0},"b":{"0":[0,0],"1":[0,0],"2":[0,0],"3":[0,0],"4":[0,0]},"_coverageSchema":"1a1c01bbd47fc00a2c39e90264f33305004495a9","hash":"1f06eb26f15a2ab514070901afb902398afd454f"}
,"/home/runner/work/COMP30022-IT-Project/COMP30022-IT-Project/backend/routes/auth.js": {"path":"/home/runner/work/COMP30022-IT-Project/COMP30022-IT-Project/backend/routes/auth.js","statementMap":{"0":{"start":{"line":1,"column":15},"end":{"line":1,"column":42}},"1":{"start":{"line":2,"column":13},"end":{"line":2,"column":38}},"2":{"start":{"line":3,"column":15},"end":{"line":3,"column":32}},"3":{"start":{"line":4,"column":18},"end":{"line":4,"column":47}},"4":{"start":{"line":9,"column":4},"end":{"line":9,"column":32}},"5":{"start":{"line":12,"column":21},"end":{"line":22,"column":6}},"6":{"start":{"line":13,"column":24},"end":{"line":13,"column":30}},"7":{"start":{"line":25,"column":24},"end":{"line":33,"column":6}},"8":{"start":{"line":26,"column":24},"end":{"line":26,"column":30}},"9":{"start":{"line":36,"column":0},"end":{"line":102,"column":3}},"10":{"start":{"line":37,"column":2},"end":{"line":101,"column":3}},"11":{"start":{"line":38,"column":42},"end":{"line":38,"column":50}},"12":{"start":{"line":41,"column":4},"end":{"line":45,"column":5}},"13":{"start":{"line":42,"column":6},"end":{"line":44,"column":9}},"14":{"start":{"line":48,"column":4},"end":{"line":52,"column":5}},"15":{"start":{"line":49,"column":6},"end":{"line":51,"column":9}},"16":{"start":{"line":55,"column":25},"end":{"line":55,"column":57}},"17":{"start":{"line":57,"column":4},"end":{"line":59,"column":5}},"18":{"start":{"line":58,"column":6},"end":{"line":58,"column":119}},"19":{"start":{"line":61,"column":26},"end":{"line":61,"column":55}},"20":{"start":{"line":63,"column":4},"end":{"line":65,"column":5}},"21":{"start":{"line":64,"column":6},"end":{"line":64,"column":116}},"22":{"start":{"line":68,"column":17},"end":{"line":68,"column":41}},"23":{"start":{"line":69,"column":22},"end":{"line":69,"column":55}},"24":{"start":{"line":72,"column":20},"end":{"line":76,"column":6}},"25":{"start":{"line":79,"column":17},"end":{"line":79,"column":37}},"26":{"start":{"line":82,"column":24},"end":{"line":82,"column":65}},"27":{"start":{"line":83,"column":25},"end":{"line":83,"column":55}},"28":{"start":{"line":86,"column":4},"end":{"line":86,"column":40}},"29":{"start":{"line":87,"column":4},"end":{"line":87,"column":22}},"30":{"start":{"line":90,"column":4},"end":{"line":95,"column":7}},"31":{"start":{"line":97,"column":4},"end":{"line":97,"column":46}},"32":{"start":{"line":98,"column":4},"end":{"line":100,"column":7}},"33":{"start":{"line":104,"column":0},"end":{"line":177,"column":3}},"34":{"start":{"line":105,"column":2},"end":{"line":105,"column":44}},"35":{"start":{"line":106,"column":2},"end":{"line":176,"column":3}},"36":{"start":{"line":107,"column":32},"end":{"line":107,"column":40}},"37":{"start":{"line":110,"column":4},"end":{"line":114,"column":5}},"38":{"start":{"line":111,"column":6},"end":{"line":113,"column":9}},"39":{"start":{"line":117,"column":17},"end":{"line":117,"column":46}},"40":{"start":{"line":118,"column":4},"end":{"line":122,"column":5}},"41":{"start":{"line":119,"column":6},"end":{"line":121,"column":9}},"42":{"start":{"line":125,"column":4},"end":{"line":129,"column":5}},"43":{"start":{"line":126,"column":6},"end":{"line":128,"column":9}},"44":{"start":{"line":132,"column":26},"end":{"line":132,"column":71}},"45":{"start":{"line":133,"column":4},"end":{"line":140,"column":5}},"46":{"start":{"line":135,"column":6},"end":{"line":135,"column":36}},"47":{"start":{"line":137,"column":6},"end":{"line":139,"column":9}},"48":{"start":{"line":143,"column":4},"end":{"line":145,"column":5}},"49":{"start":{"line":144,"column":6},"end":{"line":144,"column":38}},"50":{"start":{"line":148,"column":24},"end":{"line":148,"column":65}},"51":{"start":{"line":149,"column":25},"end":{"line":149,"column":55}},"52":{"start":{"line":152,"column":4},"end":{"line":154,"column":5}},"53":{"start":{"line":153,"column":6},"end":{"line":153,"column":30}},"54":{"start":{"line":155,"column":4},"end":{"line":155,"column":42}},"55":{"start":{"line":158,"column":4},"end":{"line":160,"column":5}},"56":{"start":{"line":159,"column":6},"end":{"line":159,"column":56}},"57":{"start":{"line":162,"column":4},"end":{"line":162,"column":22}},"58":{"start":{"line":165,"column":4},"end":{"line":170,"column":7}},"59":{"start":{"line":172,"column":4},"end":{"line":172,"column":39}},"60":{"start":{"line":173,"column":4},"end":{"line":175,"column":7}},"61":{"start":{"line":180,"column":0},"end":{"line":225,"column":3}},"62":{"start":{"line":181,"column":2},"end":{"line":224,"column":3}},"63":{"start":{"line":182,"column":29},"end":{"line":182,"column":37}},"64":{"start":{"line":184,"column":4},"end":{"line":188,"column":5}},"65":{"start":{"line":185,"column":6},"end":{"line":187,"column":9}},"66":{"start":{"line":191,"column":20},"end":{"line":191,"column":52}},"67":{"start":{"line":192,"column":4},"end":{"line":196,"column":5}},"68":{"start":{"line":193,"column":6},"end":{"line":195,"column":9}},"69":{"start":{"line":199,"column":17},"end":{"line":199,"column":52}},"70":{"start":{"line":200,"column":4},"end":{"line":204,"column":5}},"71":{"start":{"line":201,"column":6},"end":{"line":203,"column":9}},"72":{"start":{"line":207,"column":27},"end":{"line":207,"column":68}},"73":{"start":{"line":208,"column":28},"end":{"line":208,"column":58}},"74":{"start":{"line":211,"column":4},"end":{"line":211,"column":84}},"75":{"start":{"line":211,"column":60},"end":{"line":211,"column":82}},"76":{"start":{"line":212,"column":4},"end":{"line":212,"column":45}},"77":{"start":{"line":213,"column":4},"end":{"line":213,"column":22}},"78":{"start":{"line":215,"column":4},"end":{"line":218,"column":7}},"79":{"start":{"line":220,"column":4},"end":{"line":220,"column":47}},"80":{"start":{"line":221,"column":4},"end":{"line":223,"column":7}},"81":{"start":{"line":228,"column":0},"end":{"line":258,"column":3}},"82":{"start":{"line":229,"column":2},"end":{"line":257,"column":3}},"83":{"start":{"line":230,"column":29},"end":{"line":230,"column":37}},"84":{"start":{"line":232,"column":4},"end":{"line":236,"column":5}},"85":{"start":{"line":233,"column":6},"end":{"line":235,"column":9}},"86":{"start":{"line":239,"column":20},"end":{"line":239,"column":52}},"87":{"start":{"line":240,"column":4},"end":{"line":247,"column":5}},"88":{"start":{"line":242,"column":19},"end":{"line":242,"column":54}},"89":{"start":{"line":243,"column":6},"end":{"line":246,"column":7}},"90":{"start":{"line":244,"column":8},"end":{"line":244,"column":88}},"91":{"start":{"line":244,"column":64},"end":{"line":244,"column":86}},"92":{"start":{"line":245,"column":8},"end":{"line":245,"column":26}},"93":{"start":{"line":249,"column":4},"end":{"line":251,"column":7}},"94":{"start":{"line":253,"column":4},"end":{"line":253,"column":40}},"95":{"start":{"line":254,"column":4},"end":{"line":256,"column":7}},"96":{"start":{"line":261,"column":0},"end":{"line":294,"column":3}},"97":{"start":{"line":262,"column":2},"end":{"line":293,"column":3}},"98":{"start":{"line":263,"column":29},"end":{"line":263,"column":37}},"99":{"start":{"line":265,"column":4},"end":{"line":269,"column":5}},"100":{"start":{"line":266,"column":6},"end":{"line":268,"column":9}},"101":{"start":{"line":271,"column":20},"end":{"line":271,"column":52}},"102":{"start":{"line":272,"column":4},"end":{"line":276,"column":5}},"103":{"start":{"line":273,"column":6},"end":{"line":275,"column":9}},"104":{"start":{"line":279,"column":17},"end":{"line":279,"column":52}},"105":{"start":{"line":280,"column":4},"end":{"line":283,"column":5}},"106":{"start":{"line":281,"column":6},"end":{"line":281,"column":30}},"107":{"start":{"line":282,"column":6},"end":{"line":282,"column":24}},"108":{"start":{"line":285,"column":4},"end":{"line":287,"column":7}},"109":{"start":{"line":289,"column":4},"end":{"line":289,"column":44}},"110":{"start":{"line":290,"column":4},"end":{"line":292,"column":7}},"111":{"start":{"line":296,"column":0},"end":{"line":296,"column":24}}},"fnMap":{"0":{"name":"(anonymous_0)","decl":{"start":{"line":13,"column":4},"end":{"line":13,"column":5}},"loc":{"start":{"line":13,"column":24},"end":{"line":13,"column":30}},"line":13},"1":{"name":"(anonymous_1)","decl":{"start":{"line":26,"column":4},"end":{"line":26,"column":5}},"loc":{"start":{"line":26,"column":24},"end":{"line":26,"column":30}},"line":26},"2":{"name":"(anonymous_2)","decl":{"start":{"line":36,"column":42},"end":{"line":36,"column":43}},"loc":{"start":{"line":36,"column":62},"end":{"line":102,"column":1}},"line":36},"3":{"name":"(anonymous_3)","decl":{"start":{"line":104,"column":36},"end":{"line":104,"column":37}},"loc":{"start":{"line":104,"column":56},"end":{"line":177,"column":1}},"line":104},"4":{"name":"(anonymous_4)","decl":{"start":{"line":180,"column":24},"end":{"line":180,"column":25}},"loc":{"start":{"line":180,"column":44},"end":{"line":225,"column":1}},"line":180},"5":{"name":"(anonymous_5)","decl":{"start":{"line":211,"column":51},"end":{"line":211,"column":52}},"loc":{"start":{"line":211,"column":60},"end":{"line":211,"column":82}},"line":211},"6":{"name":"(anonymous_6)","decl":{"start":{"line":228,"column":23},"end":{"line":228,"column":24}},"loc":{"start":{"line":228,"column":43},"end":{"line":258,"column":1}},"line":228},"7":{"name":"(anonymous_7)","decl":{"start":{"line":244,"column":55},"end":{"line":244,"column":56}},"loc":{"start":{"line":244,"column":64},"end":{"line":244,"column":86}},"line":244},"8":{"name":"(anonymous_8)","decl":{"start":{"line":261,"column":27},"end":{"line":261,"column":28}},"loc":{"start":{"line":261,"column":47},"end":{"line":294,"column":1}},"line":261}},"branchMap":{"0":{"loc":{"start":{"line":12,"column":21},"end":{"line":22,"column":6}},"type":"cond-expr","locations":[{"start":{"line":13,"column":4},"end":{"line":13,"column":30}},{"start":{"line":14,"column":4},"end":{"line":22,"column":6}}],"line":12},"1":{"loc":{"start":{"line":25,"column":24},"end":{"line":33,"column":6}},"type":"cond-expr","locations":[{"start":{"line":26,"column":4},"end":{"line":26,"column":30}},{"start":{"line":27,"column":4},"end":{"line":33,"column":6}}],"line":25},"2":{"loc":{"start":{"line":41,"column":4},"end":{"line":45,"column":5}},"type":"if","locations":[{"start":{"line":41,"column":4},"end":{"line":45,"column":5}},{"start":{},"end":{}}],"line":41},"3":{"loc":{"start":{"line":41,"column":8},"end":{"line":41,"column":40}},"type":"binary-expr","locations":[{"start":{"line":41,"column":8},"end":{"line":41,"column":17}},{"start":{"line":41,"column":21},"end":{"line":41,"column":27}},{"start":{"line":41,"column":31},"end":{"line":41,"column":40}}],"line":41},"4":{"loc":{"start":{"line":48,"column":4},"end":{"line":52,"column":5}},"type":"if","locations":[{"start":{"line":48,"column":4},"end":{"line":52,"column":5}},{"start":{},"end":{}}],"line":48},"5":{"loc":{"start":{"line":57,"column":4},"end":{"line":59,"column":5}},"type":"if","locations":[{"start":{"line":57,"column":4},"end":{"line":59,"column":5}},{"start":{},"end":{}}],"line":57},"6":{"loc":{"start":{"line":63,"column":4},"end":{"line":65,"column":5}},"type":"if","locations":[{"start":{"line":63,"column":4},"end":{"line":65,"column":5}},{"start":{},"end":{}}],"line":63},"7":{"loc":{"start":{"line":110,"column":4},"end":{"line":114,"column":5}},"type":"if","locations":[{"start":{"line":110,"column":4},"end":{"line":114,"column":5}},{"start":{},"end":{}}],"line":110},"8":{"loc":{"start":{"line":110,"column":8},"end":{"line":110,"column":27}},"type":"binary-expr","locations":[{"start":{"line":110,"column":8},"end":{"line":110,"column":14}},{"start":{"line":110,"column":18},"end":{"line":110,"column":27}}],"line":110},"9":{"loc":{"start":{"line":118,"column":4},"end":{"line":122,"column":5}},"type":"if","locations":[{"start":{"line":118,"column":4},"end":{"line":122,"column":5}},{"start":{},"end":{}}],"line":118},"10":{"loc":{"start":{"line":125,"column":4},"end":{"line":129,"column":5}},"type":"if","locations":[{"start":{"line":125,"column":4},"end":{"line":129,"column":5}},{"start":{},"end":{}}],"line":125},"11":{"loc":{"start":{"line":133,"column":4},"end":{"line":140,"column":5}},"type":"if","locations":[{"start":{"line":133,"column":4},"end":{"line":140,"column":5}},{"start":{},"end":{}}],"line":133},"12":{"loc":{"start":{"line":143,"column":4},"end":{"line":145,"column":5}},"type":"if","locations":[{"start":{"line":143,"column":4},"end":{"line":145,"column":5}},{"start":{},"end":{}}],"line":143},"13":{"loc":{"start":{"line":152,"column":4},"end":{"line":154,"column":5}},"type":"if","locations":[{"start":{"line":152,"column":4},"end":{"line":154,"column":5}},{"start":{},"end":{}}],"line":152},"14":{"loc":{"start":{"line":158,"column":4},"end":{"line":160,"column":5}},"type":"if","locations":[{"start":{"line":158,"column":4},"end":{"line":160,"column":5}},{"start":{},"end":{}}],"line":158},"15":{"loc":{"start":{"line":184,"column":4},"end":{"line":188,"column":5}},"type":"if","locations":[{"start":{"line":184,"column":4},"end":{"line":188,"column":5}},{"start":{},"end":{}}],"line":184},"16":{"loc":{"start":{"line":192,"column":4},"end":{"line":196,"column":5}},"type":"if","locations":[{"start":{"line":192,"column":4},"end":{"line":196,"column":5}},{"start":{},"end":{}}],"line":192},"17":{"loc":{"start":{"line":200,"column":4},"end":{"line":204,"column":5}},"type":"if","locations":[{"start":{"line":200,"column":4},"end":{"line":204,"column":5}},{"start":{},"end":{}}],"line":200},"18":{"loc":{"start":{"line":200,"column":8},"end":{"line":200,"column":82}},"type":"binary-expr","locations":[{"start":{"line":200,"column":8},"end":{"line":200,"column":13}},{"start":{"line":200,"column":17},"end":{"line":200,"column":36}},{"start":{"line":200,"column":40},"end":{"line":200,"column":82}}],"line":200},"19":{"loc":{"start":{"line":232,"column":4},"end":{"line":236,"column":5}},"type":"if","locations":[{"start":{"line":232,"column":4},"end":{"line":236,"column":5}},{"start":{},"end":{}}],"line":232},"20":{"loc":{"start":{"line":240,"column":4},"end":{"line":247,"column":5}},"type":"if","locations":[{"start":{"line":240,"column":4},"end":{"line":247,"column":5}},{"start":{},"end":{}}],"line":240},"21":{"loc":{"start":{"line":243,"column":6},"end":{"line":246,"column":7}},"type":"if","locations":[{"start":{"line":243,"column":6},"end":{"line":246,"column":7}},{"start":{},"end":{}}],"line":243},"22":{"loc":{"start":{"line":243,"column":10},"end":{"line":243,"column":36}},"type":"binary-expr","locations":[{"start":{"line":243,"column":10},"end":{"line":243,"column":14}},{"start":{"line":243,"column":18},"end":{"line":243,"column":36}}],"line":243},"23":{"loc":{"start":{"line":265,"column":4},"end":{"line":269,"column":5}},"type":"if","locations":[{"start":{"line":265,"column":4},"end":{"line":269,"column":5}},{"start":{},"end":{}}],"line":265},"24":{"loc":{"start":{"line":272,"column":4},"end":{"line":276,"column":5}},"type":"if","locations":[{"start":{"line":272,"column":4},"end":{"line":276,"column":5}},{"start":{},"end":{}}],"line":272},"25":{"loc":{"start":{"line":280,"column":4},"end":{"line":283,"column":5}},"type":"if","locations":[{"start":{"line":280,"column":4},"end":{"line":283,"column":5}},{"start":{},"end":{}}],"line":280}},"s":{"0":1,"1":1,"2":1,"3":1,"4":1,"5":1,"6":5,"7":1,"8":5,"9":1,"10":5,"11":5,"12":5,"13":1,"14":4,"15":1,"16":3,"17":3,"18":1,"19":2,"20":2,"21":1,"22":1,"23":1,"24":1,"25":1,"26":1,"27":1,"28":1,"29":1,"30":1,"31":0,"32":0,"33":1,"34":5,"35":5,"36":5,"37":5,"38":1,"39":4,"40":4,"41":1,"42":3,"43":1,"44":2,"45":2,"46":1,"47":1,"48":1,"49":0,"50":1,"51":1,"52":1,"53":0,"54":1,"55":1,"56":0,"57":1,"58":1,"59":0,"60":0,"61":1,"62":4,"63":4,"64":4,"65":1,"66":3,"67":3,"68":1,"69":2,"70":2,"71":1,"72":1,"73":1,"74":1,"75":1,"76":1,"77":1,"78":1,"79":0,"80":0,"81":1,"82":2,"83":2,"84":2,"85":1,"86":1,"87":1,"88":1,"89":1,"90":1,"91":1,"92":1,"93":1,"94":0,"95":0,"96":1,"97":3,"98":3,"99":3,"100":1,"101":2,"102":2,"103":1,"104":1,"105":1,"106":1,"107":1,"108":1,"109":0,"110":0,"111":1},"f":{"0":5,"1":5,"2":5,"3":5,"4":4,"5":1,"6":2,"7":1,"8":3},"b":{"0":[1,0],"1":[1,0],"2":[1,4],"3":[5,5,4],"4":[1,3],"5":[1,2],"6":[1,1],"7":[1,4],"8":[5,5],"9":[1,3],"10":[1,2],"11":[1,1],"12":[0,1],"13":[0,1],"14":[0,1],"15":[1,3],"16":[1,2],"17":[1,1],"18":[2,2,2],"19":[1,1],"20":[1,0],"21":[1,0],"22":[1,1],"23":[1,2],"24":[1,1],"25":[1,0]},"_coverageSchema":"1a1c01bbd47fc00a2c39e90264f33305004495a9","hash":"61d91d7e967f7c8bae3feb7fbb6ddbc8e7f6bb70"}
,"/home/runner/work/COMP30022-IT-Project/COMP30022-IT-Project/backend/utils/jwtUtils.js": {"path":"/home/runner/work/COMP30022-IT-Project/COMP30022-IT-Project/backend/utils/jwtUtils.js","statementMap":{"0":{"start":{"line":1,"column":12},"end":{"line":1,"column":35}},"1":{"start":{"line":3,"column":28},"end":{"line":9,"column":1}},"2":{"start":{"line":4,"column":2},"end":{"line":8,"column":4}},"3":{"start":{"line":11,"column":29},"end":{"line":17,"column":1}},"4":{"start":{"line":12,"column":2},"end":{"line":16,"column":4}},"5":{"start":{"line":19,"column":26},"end":{"line":25,"column":1}},"6":{"start":{"line":20,"column":2},"end":{"line":24,"column":3}},"7":{"start":{"line":21,"column":4},"end":{"line":21,"column":53}},"8":{"start":{"line":23,"column":4},"end":{"line":23,"column":16}},"9":{"start":{"line":27,"column":27},"end":{"line":33,"column":1}},"10":{"start":{"line":28,"column":2},"end":{"line":32,"column":3}},"11":{"start":{"line":29,"column":4},"end":{"line":29,"column":63}},"12":{"start":{"line":31,"column":4},"end":{"line":31,"column":16}},"13":{"start":{"line":35,"column":0},"end":{"line":40,"column":2}}},"fnMap":{"0":{"name":"(anonymous_0)","decl":{"start":{"line":3,"column":28},"end":{"line":3,"column":29}},"loc":{"start":{"line":3,"column":47},"end":{"line":9,"column":1}},"line":3},"1":{"name":"(anonymous_1)","decl":{"start":{"line":11,"column":29},"end":{"line":11,"column":30}},"loc":{"start":{"line":11,"column":41},"end":{"line":17,"column":1}},"line":11},"2":{"name":"(anonymous_2)","decl":{"start":{"line":19,"column":26},"end":{"line":19,"column":27}},"loc":{"start":{"line":19,"column":37},"end":{"line":25,"column":1}},"line":19},"3":{"name":"(anonymous_3)","decl":{"start":{"line":27,"column":27},"end":{"line":27,"column":28}},"loc":{"start":{"line":27,"column":38},"end":{"line":33,"column":1}},"line":27}},"branchMap":{"0":{"loc":{"start":{"line":7,"column":17},"end":{"line":7,"column":48}},"type":"binary-expr","locations":[{"start":{"line":7,"column":17},"end":{"line":7,"column":39}},{"start":{"line":7,"column":43},"end":{"line":7,"column":48}}],"line":7},"1":{"loc":{"start":{"line":15,"column":17},"end":{"line":15,"column":57}},"type":"binary-expr","locations":[{"start":{"line":15,"column":17},"end":{"line":15,"column":49}},{"start":{"line":15,"column":53},"end":{"line":15,"column":57}}],"line":15}},"s":{"0":3,"1":3,"2":13,"3":3,"4":12,"5":3,"6":10,"7":10,"8":7,"9":3,"10":11,"11":11,"12":6,"13":3},"f":{"0":13,"1":12,"2":10,"3":11},"b":{"0":[13,2],"1":[12,0]},"_coverageSchema":"1a1c01bbd47fc00a2c39e90264f33305004495a9","hash":"5ec2d5879fb12bce1d38df090cac371927b4e03f"}
}
