TN:
SF:middleware/authMiddleware.js
FN:3,(anonymous_0)
FN:25,(anonymous_1)
FNF:2
FNH:2
FNDA:5,(anonymous_0)
FNDA:5,(anonymous_1)
DA:1,1
DA:3,1
DA:4,5
DA:5,5
DA:7,5
DA:8,2
DA:13,3
DA:15,3
DA:16,2
DA:21,1
DA:22,1
DA:25,1
DA:26,5
DA:27,5
DA:29,5
DA:30,3
DA:31,3
DA:32,1
DA:36,5
DA:39,1
LF:20
LH:20
BRDA:5,0,0,5
BRDA:5,0,1,4
BRDA:7,1,0,2
BRDA:7,1,1,3
BRDA:15,2,0,2
BRDA:15,2,1,1
BRDA:27,3,0,5
BRDA:27,3,1,4
BRDA:29,4,0,3
BRDA:29,4,1,2
BRDA:31,5,0,1
BRDA:31,5,1,2
BRF:12
BRH:12
end_of_record
TN:
SF:models/User.js
FN:81,(anonymous_0)
FN:86,(anonymous_1)
FN:110,(anonymous_2)
FN:118,(anonymous_3)
FNF:4
FNH:0
FNDA:0,(anonymous_0)
FNDA:0,(anonymous_1)
FNDA:0,(anonymous_2)
FNDA:0,(anonymous_3)
DA:1,1
DA:3,1
DA:81,1
DA:82,0
DA:86,1
DA:88,0
DA:89,0
DA:96,0
DA:99,0
DA:100,0
DA:102,0
DA:103,0
DA:106,0
DA:110,1
DA:111,0
DA:118,1
DA:119,0
DA:120,0
DA:121,0
DA:122,0
DA:123,0
DA:124,0
DA:125,0
DA:128,1
LF:24
LH:7
BRDA:82,0,0,0
BRDA:82,0,1,0
BRDA:88,1,0,0
BRDA:88,1,1,0
BRDA:88,2,0,0
BRDA:88,2,1,0
BRDA:102,3,0,0
BRDA:102,3,1,0
BRDA:102,4,0,0
BRDA:102,4,1,0
BRF:10
BRH:0
end_of_record
TN:
SF:routes/auth.js
FN:13,(anonymous_0)
FN:26,(anonymous_1)
FN:36,(anonymous_2)
FN:104,(anonymous_3)
FN:180,(anonymous_4)
FN:211,(anonymous_5)
FN:228,(anonymous_6)
FN:244,(anonymous_7)
FN:261,(anonymous_8)
FNF:9
FNH:9
FNDA:5,(anonymous_0)
FNDA:5,(anonymous_1)
FNDA:5,(anonymous_2)
FNDA:5,(anonymous_3)
FNDA:4,(anonymous_4)
FNDA:1,(anonymous_5)
FNDA:2,(anonymous_6)
FNDA:1,(anonymous_7)
FNDA:3,(anonymous_8)
DA:1,1
DA:2,1
DA:3,1
DA:4,1
DA:9,1
DA:12,1
DA:13,5
DA:25,1
DA:26,5
DA:36,1
DA:37,5
DA:38,5
DA:41,5
DA:42,1
DA:48,4
DA:49,1
DA:55,3
DA:57,3
DA:58,1
DA:61,2
DA:63,2
DA:64,1
DA:68,1
DA:69,1
DA:72,1
DA:79,1
DA:82,1
DA:83,1
DA:86,1
DA:87,1
DA:90,1
DA:97,0
DA:98,0
DA:104,1
DA:105,5
DA:106,5
DA:107,5
DA:110,5
DA:111,1
DA:117,4
DA:118,4
DA:119,1
DA:125,3
DA:126,1
DA:132,2
DA:133,2
DA:135,1
DA:137,1
DA:143,1
DA:144,0
DA:148,1
DA:149,1
DA:152,1
DA:153,0
DA:155,1
DA:158,1
DA:159,0
DA:162,1
DA:165,1
DA:172,0
DA:173,0
DA:180,1
DA:181,4
DA:182,4
DA:184,4
DA:185,1
DA:191,3
DA:192,3
DA:193,1
DA:199,2
DA:200,2
DA:201,1
DA:207,1
DA:208,1
DA:211,1
DA:212,1
DA:213,1
DA:215,1
DA:220,0
DA:221,0
DA:228,1
DA:229,2
DA:230,2
DA:232,2
DA:233,1
DA:239,1
DA:240,1
DA:242,1
DA:243,1
DA:244,1
DA:245,1
DA:249,1
DA:253,0
DA:254,0
DA:261,1
DA:262,3
DA:263,3
DA:265,3
DA:266,1
DA:271,2
DA:272,2
DA:273,1
DA:279,1
DA:280,1
DA:281,1
DA:282,1
DA:285,1
DA:289,0
DA:290,0
DA:296,1
LF:110
LH:97
BRDA:12,0,0,1
BRDA:12,0,1,0
BRDA:25,1,0,1
BRDA:25,1,1,0
BRDA:41,2,0,1
BRDA:41,2,1,4
BRDA:41,3,0,5
BRDA:41,3,1,5
BRDA:41,3,2,4
BRDA:48,4,0,1
BRDA:48,4,1,3
BRDA:57,5,0,1
BRDA:57,5,1,2
BRDA:63,6,0,1
BRDA:63,6,1,1
BRDA:110,7,0,1
BRDA:110,7,1,4
BRDA:110,8,0,5
BRDA:110,8,1,5
BRDA:118,9,0,1
BRDA:118,9,1,3
BRDA:125,10,0,1
BRDA:125,10,1,2
BRDA:133,11,0,1
BRDA:133,11,1,1
BRDA:143,12,0,0
BRDA:143,12,1,1
BRDA:152,13,0,0
BRDA:152,13,1,1
BRDA:158,14,0,0
BRDA:158,14,1,1
BRDA:184,15,0,1
BRDA:184,15,1,3
BRDA:192,16,0,1
BRDA:192,16,1,2
BRDA:200,17,0,1
BRDA:200,17,1,1
BRDA:200,18,0,2
BRDA:200,18,1,2
BRDA:200,18,2,2
BRDA:232,19,0,1
BRDA:232,19,1,1
BRDA:240,20,0,1
BRDA:240,20,1,0
BRDA:243,21,0,1
BRDA:243,21,1,0
BRDA:243,22,0,1
BRDA:243,22,1,1
BRDA:265,23,0,1
BRDA:265,23,1,2
BRDA:272,24,0,1
BRDA:272,24,1,1
BRDA:280,25,0,1
BRDA:280,25,1,0
BRF:54
BRH:46
end_of_record
TN:
SF:utils/jwtUtils.js
FN:3,(anonymous_0)
FN:11,(anonymous_1)
FN:19,(anonymous_2)
FN:27,(anonymous_3)
FNF:4
FNH:4
FNDA:13,(anonymous_0)
FNDA:12,(anonymous_1)
FNDA:10,(anonymous_2)
FNDA:11,(anonymous_3)
DA:1,3
DA:3,3
DA:4,13
DA:11,3
DA:12,12
DA:19,3
DA:20,10
DA:21,10
DA:23,7
DA:27,3
DA:28,11
DA:29,11
DA:31,6
DA:35,3
LF:14
LH:14
BRDA:7,0,0,13
BRDA:7,0,1,2
BRDA:15,1,0,12
BRDA:15,1,1,0
BRF:4
BRH:3
end_of_record
