TN:
SF:middleware/authMiddleware.js
FN:3,(anonymous_0)
FN:25,(anonymous_1)
FNF:2
FNH:2
FNDA:5,(anonymous_0)
FNDA:5,(anonymous_1)
DA:1,1
DA:3,1
DA:4,5
DA:5,5
DA:7,5
DA:8,2
DA:13,3
DA:15,3
DA:16,2
DA:21,1
DA:22,1
DA:25,1
DA:26,5
DA:27,5
DA:29,5
DA:30,3
DA:31,3
DA:32,1
DA:36,5
DA:39,1
LF:20
LH:20
BRDA:5,0,0,5
BRDA:5,0,1,4
BRDA:7,1,0,2
BRDA:7,1,1,3
BRDA:15,2,0,2
BRDA:15,2,1,1
BRDA:27,3,0,5
BRDA:27,3,1,4
BRDA:29,4,0,3
BRDA:29,4,1,2
BRDA:31,5,0,1
BRDA:31,5,1,2
BRF:12
BRH:12
end_of_record
TN:
SF:models/User.js
FN:81,(anonymous_0)
FN:86,(anonymous_1)
FN:110,(anonymous_2)
FN:118,(anonymous_3)
FNF:4
FNH:0
FNDA:0,(anonymous_0)
FNDA:0,(anonymous_1)
FNDA:0,(anonymous_2)
FNDA:0,(anonymous_3)
DA:1,1
DA:3,1
DA:81,1
DA:82,0
DA:86,1
DA:88,0
DA:89,0
DA:96,0
DA:99,0
DA:100,0
DA:102,0
DA:103,0
DA:106,0
DA:110,1
DA:111,0
DA:118,1
DA:119,0
DA:120,0
DA:121,0
DA:122,0
DA:123,0
DA:124,0
DA:125,0
DA:128,1
LF:24
LH:7
BRDA:82,0,0,0
BRDA:82,0,1,0
BRDA:88,1,0,0
BRDA:88,1,1,0
BRDA:88,2,0,0
BRDA:88,2,1,0
BRDA:102,3,0,0
BRDA:102,3,1,0
BRDA:102,4,0,0
BRDA:102,4,1,0
BRF:10
BRH:0
end_of_record
TN:
SF:routes/auth.js
FN:32,(anonymous_0)
FN:100,(anonymous_1)
FN:176,(anonymous_2)
FN:207,(anonymous_3)
FN:224,(anonymous_4)
FN:240,(anonymous_5)
FN:257,(anonymous_6)
FNF:7
FNH:7
FNDA:3,(anonymous_0)
FNDA:5,(anonymous_1)
FNDA:4,(anonymous_2)
FNDA:1,(anonymous_3)
FNDA:2,(anonymous_4)
FNDA:1,(anonymous_5)
FNDA:3,(anonymous_6)
DA:1,1
DA:2,1
DA:3,1
DA:4,1
DA:9,1
DA:12,1
DA:23,1
DA:32,1
DA:33,3
DA:34,3
DA:37,3
DA:38,1
DA:44,2
DA:45,1
DA:51,1
DA:53,1
DA:54,0
DA:57,1
DA:59,1
DA:60,0
DA:64,1
DA:65,1
DA:68,1
DA:75,1
DA:78,1
DA:79,1
DA:82,1
DA:83,1
DA:86,0
DA:93,1
DA:94,1
DA:100,1
DA:101,5
DA:102,5
DA:103,5
DA:106,5
DA:107,1
DA:113,4
DA:114,4
DA:115,1
DA:121,3
DA:122,1
DA:128,0
DA:129,0
DA:131,0
DA:133,0
DA:139,0
DA:140,0
DA:144,0
DA:145,0
DA:148,0
DA:149,0
DA:151,0
DA:154,0
DA:155,0
DA:158,0
DA:161,0
DA:168,2
DA:169,2
DA:176,1
DA:177,4
DA:178,4
DA:180,4
DA:181,1
DA:187,3
DA:188,3
DA:189,1
DA:195,2
DA:196,2
DA:197,1
DA:203,1
DA:204,1
DA:207,1
DA:208,1
DA:209,1
DA:211,1
DA:216,0
DA:217,0
DA:224,1
DA:225,2
DA:226,2
DA:228,2
DA:229,1
DA:235,1
DA:236,1
DA:238,1
DA:239,1
DA:240,1
DA:241,1
DA:245,1
DA:249,0
DA:250,0
DA:257,1
DA:258,3
DA:259,3
DA:261,3
DA:262,1
DA:267,2
DA:268,2
DA:269,1
DA:275,1
DA:276,1
DA:277,1
DA:278,1
DA:281,1
DA:285,0
DA:286,0
DA:292,1
LF:108
LH:84
BRDA:37,0,0,1
BRDA:37,0,1,2
BRDA:37,1,0,3
BRDA:37,1,1,3
BRDA:37,1,2,2
BRDA:44,2,0,1
BRDA:44,2,1,1
BRDA:53,3,0,0
BRDA:53,3,1,1
BRDA:59,4,0,0
BRDA:59,4,1,1
BRDA:106,5,0,1
BRDA:106,5,1,4
BRDA:106,6,0,5
BRDA:106,6,1,5
BRDA:114,7,0,1
BRDA:114,7,1,3
BRDA:121,8,0,1
BRDA:121,8,1,0
BRDA:129,9,0,0
BRDA:129,9,1,0
BRDA:139,10,0,0
BRDA:139,10,1,0
BRDA:148,11,0,0
BRDA:148,11,1,0
BRDA:154,12,0,0
BRDA:154,12,1,0
BRDA:180,13,0,1
BRDA:180,13,1,3
BRDA:188,14,0,1
BRDA:188,14,1,2
BRDA:196,15,0,1
BRDA:196,15,1,1
BRDA:196,16,0,2
BRDA:196,16,1,2
BRDA:196,16,2,2
BRDA:228,17,0,1
BRDA:228,17,1,1
BRDA:236,18,0,1
BRDA:236,18,1,0
BRDA:239,19,0,1
BRDA:239,19,1,0
BRDA:239,20,0,1
BRDA:239,20,1,1
BRDA:261,21,0,1
BRDA:261,21,1,2
BRDA:268,22,0,1
BRDA:268,22,1,1
BRDA:276,23,0,1
BRDA:276,23,1,0
BRF:50
BRH:36
end_of_record
TN:
SF:utils/jwtUtils.js
FN:3,(anonymous_0)
FN:11,(anonymous_1)
FN:19,(anonymous_2)
FN:27,(anonymous_3)
FNF:4
FNH:4
FNDA:12,(anonymous_0)
FNDA:11,(anonymous_1)
FNDA:10,(anonymous_2)
FNDA:11,(anonymous_3)
DA:1,3
DA:3,3
DA:4,12
DA:11,3
DA:12,11
DA:19,3
DA:20,10
DA:21,10
DA:23,7
DA:27,3
DA:28,11
DA:29,11
DA:31,6
DA:35,3
LF:14
LH:14
BRDA:7,0,0,12
BRDA:7,0,1,2
BRDA:15,1,0,11
BRDA:15,1,1,0
BRF:4
BRH:3
end_of_record
